build/outputs/logs/manifest-merger-debug-report.txt
-- Merging decision tree log ---
manifest
ADDED from AndroidManifest.xml:2:1
	xmlns:android
		ADDED from AndroidManifest.xml:2:11
	package
		ADDED from AndroidManifest.xml:3:52
	android:versionName
		ADDED from AndroidManifest.xml:3:26
	android:versionCode
		ADDED from AndroidManifest.xml:3:2
		INJECTED from AndroidManifest.xml:0:0
		INJECTED from AndroidManifest.xml:0:0
uses-sdk
ADDED from AndroidManifest.xml:4:2
	android:minSdkVersion
		ADDED from AndroidManifest.xml:4:12
uses-permission#android.permission.INTERNET
ADDED from AndroidManifest.xml:5:2
	android:name
		ADDED from AndroidManifest.xml:5:19
uses-permission#android.permission.BLUETOOTH
ADDED from AndroidManifest.xml:6:2
	android:name
		ADDED from AndroidManifest.xml:6:19
application
ADDED from AndroidManifest.xml:8:2
	android:label
		ADDED from AndroidManifest.xml:8:45
	android:icon
		ADDED from AndroidManifest.xml:8:15
uses-library#com.android.future.usb.accessory
ADDED from AndroidManifest.xml:9:3
	android:required
		ADDED from AndroidManifest.xml:10:4
	android:name
		ADDED from AndroidManifest.xml:9:17
activity#ioio.examples.hello.MainActivity
ADDED from AndroidManifest.xml:11:3
	android:label
		ADDED from AndroidManifest.xml:11:13
	android:name
		ADDED from AndroidManifest.xml:11:46
	android:launchMode
		ADDED from AndroidManifest.xml:12:4
intent-filter#android.intent.action.MAIN+android.intent.category.LAUNCHER
ADDED from AndroidManifest.xml:13:4
action#android.intent.action.MAIN
ADDED from AndroidManifest.xml:14:5
	android:name
		ADDED from AndroidManifest.xml:14:13
category#android.intent.category.LAUNCHER
ADDED from AndroidManifest.xml:15:5
	android:name
		ADDED from AndroidManifest.xml:15:15
intent-filter#android.hardware.usb.action.USB_ACCESSORY_ATTACHED
ADDED from AndroidManifest.xml:17:4
action#android.hardware.usb.action.USB_ACCESSORY_ATTACHED
ADDED from AndroidManifest.xml:18:5
	android:name
		ADDED from AndroidManifest.xml:18:13
meta-data#android.hardware.usb.action.USB_ACCESSORY_ATTACHED
ADDED from AndroidManifest.xml:20:4
	android:resource
		ADDED from AndroidManifest.xml:21:5
	android:name
		ADDED from AndroidManifest.xml:20:15